<?xml version="1.0" encoding="UTF-8"?>
<!-- Generated by org.testng.reporters.JUnitReportReporter -->
<testsuite skipped="0" hostname="DESKTOP-G2NBR3A" name="com.inetBanking.testCases.TC_Login_001" tests="1" failures="0" timestamp="01 Aug 2020 15:24:41 GMT" time="12.110" errors="0">
  <testcase name="loginTest" time="12.110" classname="com.inetBanking.testCases.TC_Login_001"/>
</testsuite> <!-- com.inetBanking.testCases.TC_Login_001 -->
